2022-03-17 11:14:50,191:INFO:PyCaret Supervised Module
2022-03-17 11:14:50,191:INFO:ML Usecase: clustering
2022-03-17 11:14:50,191:INFO:version 2.3.6
2022-03-17 11:14:50,192:INFO:Initializing setup()
2022-03-17 11:14:50,192:INFO:setup(target=None, ml_usecase=clustering, available_plots={'cluster': 'Cluster PCA Plot (2d)', 'tsne': 'Cluster TSnE (3d)', 'elbow': 'Elbow', 'silhouette': 'Silhouette', 'distance': 'Distance', 'distribution': 'Distribution'}, train_size=0.7, test_data=None, preprocess=True, imputation_type=simple, iterative_imputation_iters=5, categorical_features=None, categorical_imputation=mode, categorical_iterative_imputer=lightgbm, ordinal_features=None, high_cardinality_features=None, high_cardinality_method=frequency, numeric_features=None, numeric_imputation=mean, numeric_iterative_imputer=lightgbm, date_features=None, ignore_features=None, normalize=True, normalize_method=zscore, transformation=False, transformation_method=yeo-johnson, handle_unknown_categorical=True, unknown_categorical_method=least_frequent, pca=False, pca_method=linear, pca_components=None, ignore_low_variance=False, combine_rare_levels=False, rare_level_threshold=0.1, bin_numeric_features=None, remove_outliers=False, outliers_threshold=0.05, remove_multicollinearity=False, multicollinearity_threshold=0.9, remove_perfect_collinearity=False, create_clusters=False, cluster_iter=20, polynomial_features=False, polynomial_degree=2, trigonometry_features=False, polynomial_threshold=0.1, group_features=None, group_names=None, feature_selection=False, feature_selection_threshold=0.8, feature_selection_method=classic, feature_interaction=False, feature_ratio=False, interaction_threshold=0.01, fix_imbalance=False, fix_imbalance_method=None, transform_target=False, transform_target_method=box-cox, data_split_shuffle=False, data_split_stratify=False, fold_strategy=kfold, fold=10, fold_shuffle=False, fold_groups=None, n_jobs=-1, use_gpu=False, custom_pipeline=None, html=True, session_id=None, log_experiment=False, experiment_name=None, log_plots=False, log_profile=False, log_data=False, silent=False, verbose=True, profile=False, profile_kwargs=None, display=None)
2022-03-17 11:14:50,192:INFO:Checking environment
2022-03-17 11:14:50,192:INFO:python_version: 3.8.5
2022-03-17 11:14:50,192:INFO:python_build: ('default', 'Sep  4 2020 07:30:14')
2022-03-17 11:14:50,192:INFO:machine: x86_64
2022-03-17 11:14:50,192:INFO:platform: Linux-5.13.0-35-generic-x86_64-with-glibc2.10
2022-03-17 11:14:50,192:WARNING:cannot find psutil installation. memory not traceable. Install psutil using pip to enable memory logging.
2022-03-17 11:14:50,192:INFO:Checking libraries
2022-03-17 11:14:50,193:INFO:pd==1.4.1
2022-03-17 11:14:50,193:INFO:numpy==1.19.5
2022-03-17 11:14:50,193:INFO:sklearn==0.23.2
2022-03-17 11:14:50,193:INFO:lightgbm==3.3.2
2022-03-17 11:14:50,193:WARNING:catboost not found
2022-03-17 11:14:50,193:WARNING:xgboost not found
2022-03-17 11:14:50,417:INFO:mlflow==1.24.0
2022-03-17 11:14:50,417:INFO:Checking Exceptions
2022-03-17 11:14:50,417:INFO:Declaring global variables
2022-03-17 11:14:50,417:INFO:USI: a6b1
2022-03-17 11:14:50,417:INFO:pycaret_globals: {'fix_imbalance_param', 'fix_imbalance_method_param', 'iterative_imputation_iters_param', 'gpu_param', 'transform_target_param', 'html_param', 'fold_shuffle_param', 'fold_generator', 'log_plots_param', 'logging_param', 'experiment__', 'target_param', 'fold_groups_param_full', '_all_metrics', '_available_plots', 'n_jobs_param', '_internal_pipeline', 'imputation_classifier', '_gpu_n_jobs_param', 'transform_target_method_param', '_all_models_internal', '_ml_usecase', 'data_before_preprocess', 'prep_pipe', 'exp_name_log', 'pycaret_globals', 'create_model_container', 'fold_groups_param', 'fold_param', '_all_models', 'X', 'master_model_container', 'imputation_regressor', 'stratify_param', 'display_container', 'seed', 'USI'}
2022-03-17 11:14:50,417:INFO:Preparing display monitor
2022-03-17 11:14:50,417:INFO:Preparing display monitor
2022-03-17 11:14:50,431:INFO:Importing libraries
2022-03-17 11:14:50,431:INFO:Copying data for preprocessing
2022-03-17 11:14:50,439:INFO:Declaring preprocessing parameters
2022-03-17 11:14:50,628:INFO:Creating preprocessing pipeline
2022-03-17 11:14:50,653:INFO:Preprocessing pipeline created successfully
2022-03-17 11:14:50,653:ERROR:(Process Exit): setup has been interupted with user command 'quit'. setup must rerun.
2022-03-17 11:14:50,654:INFO:Creating global containers
2022-03-17 11:14:50,655:INFO:Internal pipeline: Pipeline(memory=None, steps=[('empty_step', 'passthrough')], verbose=False)
2022-03-17 11:15:04,187:INFO:Creating grid variables
2022-03-17 11:15:04,198:INFO:create_model_container: 0
2022-03-17 11:15:04,198:INFO:master_model_container: 0
2022-03-17 11:15:04,198:INFO:display_container: 1
2022-03-17 11:15:04,204:INFO:Pipeline(memory=None,
         steps=[('dtypes',
                 DataTypes_Auto_infer(categorical_features=[],
                                      display_types=True, features_todrop=[],
                                      id_columns=[], ml_usecase='regression',
                                      numerical_features=[],
                                      target='UNSUPERVISED_DUMMY_TARGET',
                                      time_features=[])),
                ('imputer',
                 Simple_Imputer(categorical_strategy='most frequent',
                                fill_value_categorical=None,
                                fill_value_numerical=None...
                ('P_transform', 'passthrough'), ('binn', 'passthrough'),
                ('rem_outliers', 'passthrough'), ('cluster_all', 'passthrough'),
                ('dummy', Dummify(target='UNSUPERVISED_DUMMY_TARGET')),
                ('fix_perfect', 'passthrough'),
                ('clean_names', Clean_Colum_Names()),
                ('feature_select', 'passthrough'), ('fix_multi', 'passthrough'),
                ('dfs', 'passthrough'), ('pca', 'passthrough')],
         verbose=False)
2022-03-17 11:15:04,204:INFO:setup() succesfully completed......................................
2022-03-17 11:23:54,026:INFO:PyCaret Supervised Module
2022-03-17 11:23:54,026:INFO:ML Usecase: clustering
2022-03-17 11:23:54,026:INFO:version 2.3.6
2022-03-17 11:23:54,026:INFO:Initializing setup()
2022-03-17 11:23:54,027:INFO:setup(target=None, ml_usecase=clustering, available_plots={'cluster': 'Cluster PCA Plot (2d)', 'tsne': 'Cluster TSnE (3d)', 'elbow': 'Elbow', 'silhouette': 'Silhouette', 'distance': 'Distance', 'distribution': 'Distribution'}, train_size=0.7, test_data=None, preprocess=True, imputation_type=simple, iterative_imputation_iters=5, categorical_features=None, categorical_imputation=mode, categorical_iterative_imputer=lightgbm, ordinal_features=None, high_cardinality_features=None, high_cardinality_method=frequency, numeric_features=None, numeric_imputation=mean, numeric_iterative_imputer=lightgbm, date_features=None, ignore_features=None, normalize=True, normalize_method=zscore, transformation=False, transformation_method=yeo-johnson, handle_unknown_categorical=True, unknown_categorical_method=least_frequent, pca=False, pca_method=linear, pca_components=None, ignore_low_variance=False, combine_rare_levels=False, rare_level_threshold=0.1, bin_numeric_features=None, remove_outliers=False, outliers_threshold=0.05, remove_multicollinearity=False, multicollinearity_threshold=0.9, remove_perfect_collinearity=False, create_clusters=False, cluster_iter=20, polynomial_features=False, polynomial_degree=2, trigonometry_features=False, polynomial_threshold=0.1, group_features=None, group_names=None, feature_selection=False, feature_selection_threshold=0.8, feature_selection_method=classic, feature_interaction=False, feature_ratio=False, interaction_threshold=0.01, fix_imbalance=False, fix_imbalance_method=None, transform_target=False, transform_target_method=box-cox, data_split_shuffle=False, data_split_stratify=False, fold_strategy=kfold, fold=10, fold_shuffle=False, fold_groups=None, n_jobs=-1, use_gpu=False, custom_pipeline=None, html=True, session_id=None, log_experiment=False, experiment_name=None, log_plots=False, log_profile=False, log_data=False, silent=False, verbose=True, profile=False, profile_kwargs=None, display=None)
2022-03-17 11:23:54,027:INFO:Checking environment
2022-03-17 11:23:54,027:INFO:python_version: 3.8.5
2022-03-17 11:23:54,027:INFO:python_build: ('default', 'Sep  4 2020 07:30:14')
2022-03-17 11:23:54,027:INFO:machine: x86_64
2022-03-17 11:23:54,027:INFO:platform: Linux-5.13.0-35-generic-x86_64-with-glibc2.10
2022-03-17 11:23:54,030:WARNING:cannot find psutil installation. memory not traceable. Install psutil using pip to enable memory logging.
2022-03-17 11:23:54,030:INFO:Checking libraries
2022-03-17 11:23:54,031:INFO:pd==1.4.1
2022-03-17 11:23:54,031:INFO:numpy==1.19.5
2022-03-17 11:23:54,032:INFO:sklearn==0.23.2
2022-03-17 11:23:54,032:INFO:lightgbm==3.3.2
2022-03-17 11:23:54,033:WARNING:catboost not found
2022-03-17 11:23:54,033:WARNING:xgboost not found
2022-03-17 11:23:54,033:INFO:mlflow==1.24.0
2022-03-17 11:23:54,033:INFO:Checking Exceptions
2022-03-17 11:24:01,740:INFO:PyCaret Supervised Module
2022-03-17 11:24:01,741:INFO:ML Usecase: clustering
2022-03-17 11:24:01,741:INFO:version 2.3.6
2022-03-17 11:24:01,741:INFO:Initializing setup()
2022-03-17 11:24:01,741:INFO:setup(target=None, ml_usecase=clustering, available_plots={'cluster': 'Cluster PCA Plot (2d)', 'tsne': 'Cluster TSnE (3d)', 'elbow': 'Elbow', 'silhouette': 'Silhouette', 'distance': 'Distance', 'distribution': 'Distribution'}, train_size=0.7, test_data=None, preprocess=True, imputation_type=simple, iterative_imputation_iters=5, categorical_features=None, categorical_imputation=mode, categorical_iterative_imputer=lightgbm, ordinal_features=None, high_cardinality_features=None, high_cardinality_method=frequency, numeric_features=None, numeric_imputation=mean, numeric_iterative_imputer=lightgbm, date_features=None, ignore_features=None, normalize=True, normalize_method=zscore, transformation=False, transformation_method=yeo-johnson, handle_unknown_categorical=True, unknown_categorical_method=least_frequent, pca=False, pca_method=linear, pca_components=None, ignore_low_variance=False, combine_rare_levels=False, rare_level_threshold=0.1, bin_numeric_features=None, remove_outliers=False, outliers_threshold=0.05, remove_multicollinearity=False, multicollinearity_threshold=0.9, remove_perfect_collinearity=False, create_clusters=False, cluster_iter=20, polynomial_features=False, polynomial_degree=2, trigonometry_features=False, polynomial_threshold=0.1, group_features=None, group_names=None, feature_selection=False, feature_selection_threshold=0.8, feature_selection_method=classic, feature_interaction=False, feature_ratio=False, interaction_threshold=0.01, fix_imbalance=False, fix_imbalance_method=None, transform_target=False, transform_target_method=box-cox, data_split_shuffle=False, data_split_stratify=False, fold_strategy=kfold, fold=10, fold_shuffle=False, fold_groups=None, n_jobs=-1, use_gpu=False, custom_pipeline=None, html=True, session_id=None, log_experiment=False, experiment_name=None, log_plots=False, log_profile=False, log_data=False, silent=False, verbose=True, profile=False, profile_kwargs=None, display=None)
2022-03-17 11:24:01,741:INFO:Checking environment
2022-03-17 11:24:01,742:INFO:python_version: 3.8.5
2022-03-17 11:24:01,742:INFO:python_build: ('default', 'Sep  4 2020 07:30:14')
2022-03-17 11:24:01,742:INFO:machine: x86_64
2022-03-17 11:24:01,742:INFO:platform: Linux-5.13.0-35-generic-x86_64-with-glibc2.10
2022-03-17 11:24:01,743:WARNING:cannot find psutil installation. memory not traceable. Install psutil using pip to enable memory logging.
2022-03-17 11:24:01,743:INFO:Checking libraries
2022-03-17 11:24:01,743:INFO:pd==1.4.1
2022-03-17 11:24:01,743:INFO:numpy==1.19.5
2022-03-17 11:24:01,744:INFO:sklearn==0.23.2
2022-03-17 11:24:01,744:INFO:lightgbm==3.3.2
2022-03-17 11:24:01,746:WARNING:catboost not found
2022-03-17 11:24:01,747:WARNING:xgboost not found
2022-03-17 11:24:01,747:INFO:mlflow==1.24.0
2022-03-17 11:24:01,747:INFO:Checking Exceptions
2022-03-17 11:24:01,748:INFO:Declaring global variables
2022-03-17 11:24:01,748:INFO:USI: 1ef6
2022-03-17 11:24:01,748:INFO:pycaret_globals: {'fix_imbalance_param', 'fix_imbalance_method_param', 'iterative_imputation_iters_param', 'gpu_param', 'transform_target_param', 'html_param', 'fold_shuffle_param', 'fold_generator', 'log_plots_param', 'logging_param', 'experiment__', 'target_param', 'fold_groups_param_full', '_all_metrics', '_available_plots', 'n_jobs_param', '_internal_pipeline', 'imputation_classifier', '_gpu_n_jobs_param', 'transform_target_method_param', '_all_models_internal', '_ml_usecase', 'data_before_preprocess', 'prep_pipe', 'exp_name_log', 'pycaret_globals', 'create_model_container', 'fold_groups_param', 'fold_param', '_all_models', 'X', 'master_model_container', 'imputation_regressor', 'stratify_param', 'display_container', 'seed', 'USI'}
2022-03-17 11:24:01,749:INFO:Preparing display monitor
2022-03-17 11:24:01,749:INFO:Preparing display monitor
2022-03-17 11:24:01,769:INFO:Importing libraries
2022-03-17 11:24:01,769:INFO:Copying data for preprocessing
2022-03-17 11:24:01,778:INFO:Declaring preprocessing parameters
2022-03-17 11:24:01,795:INFO:Creating preprocessing pipeline
2022-03-17 11:24:01,829:INFO:Preprocessing pipeline created successfully
2022-03-17 11:24:01,829:ERROR:(Process Exit): setup has been interupted with user command 'quit'. setup must rerun.
2022-03-17 11:24:01,830:INFO:Creating global containers
2022-03-17 11:24:01,830:INFO:Internal pipeline: Pipeline(memory=None, steps=[('empty_step', 'passthrough')], verbose=False)
2022-03-17 11:24:39,471:INFO:Creating grid variables
2022-03-17 11:24:39,481:INFO:create_model_container: 0
2022-03-17 11:24:39,482:INFO:master_model_container: 0
2022-03-17 11:24:39,482:INFO:display_container: 1
2022-03-17 11:24:39,488:INFO:Pipeline(memory=None,
         steps=[('dtypes',
                 DataTypes_Auto_infer(categorical_features=[],
                                      display_types=True, features_todrop=[],
                                      id_columns=[], ml_usecase='regression',
                                      numerical_features=[],
                                      target='UNSUPERVISED_DUMMY_TARGET',
                                      time_features=[])),
                ('imputer',
                 Simple_Imputer(categorical_strategy='most frequent',
                                fill_value_categorical=None,
                                fill_value_numerical=None...
                ('P_transform', 'passthrough'), ('binn', 'passthrough'),
                ('rem_outliers', 'passthrough'), ('cluster_all', 'passthrough'),
                ('dummy', Dummify(target='UNSUPERVISED_DUMMY_TARGET')),
                ('fix_perfect', 'passthrough'),
                ('clean_names', Clean_Colum_Names()),
                ('feature_select', 'passthrough'), ('fix_multi', 'passthrough'),
                ('dfs', 'passthrough'), ('pca', 'passthrough')],
         verbose=False)
2022-03-17 11:24:39,488:INFO:setup() succesfully completed......................................
2022-03-17 11:27:36,307:INFO:Initializing create_model()
2022-03-17 11:27:36,308:INFO:create_model(estimator=kmeans, num_clusters=4, fraction=0.05, ground_truth=None, round=4, fit_kwargs=None, verbose=True, system=True, add_to_model_list=True, raise_num_clusters=False, display=None, kwargs={})
2022-03-17 11:27:36,308:INFO:Checking exceptions
2022-03-17 11:27:36,309:INFO:Preparing display monitor
2022-03-17 11:27:36,343:INFO:Importing libraries
2022-03-17 11:27:36,351:INFO:Importing untrained model
2022-03-17 11:27:36,360:INFO:K-Means Clustering Imported succesfully
2022-03-17 11:27:36,367:INFO:Fitting Model
2022-03-17 11:27:45,179:INFO:KMeans(algorithm='auto', copy_x=True, init='k-means++', max_iter=300,
       n_clusters=4, n_init=10, n_jobs=-1, precompute_distances='deprecated',
       random_state=646, tol=0.0001, verbose=0)
2022-03-17 11:27:45,179:INFO:create_models() succesfully completed......................................
2022-03-17 11:27:45,180:INFO:Uploading results into container
2022-03-17 11:27:45,186:INFO:Uploading model into container now
2022-03-17 11:27:45,202:INFO:create_model_container: 1
2022-03-17 11:27:45,202:INFO:master_model_container: 1
2022-03-17 11:27:45,202:INFO:display_container: 2
2022-03-17 11:27:45,203:INFO:KMeans(algorithm='auto', copy_x=True, init='k-means++', max_iter=300,
       n_clusters=4, n_init=10, n_jobs=-1, precompute_distances='deprecated',
       random_state=646, tol=0.0001, verbose=0)
2022-03-17 11:27:45,203:INFO:create_model() succesfully completed......................................
2022-03-17 11:27:45,345:INFO:Initializing evaluate_model()
2022-03-17 11:27:45,345:INFO:evaluate_model(estimator=KMeans(algorithm='auto', copy_x=True, init='k-means++', max_iter=300,
       n_clusters=4, n_init=10, n_jobs=-1, precompute_distances='deprecated',
       random_state=646, tol=0.0001, verbose=0), fold=None, fit_kwargs=None, plot_kwargs=None, feature_name=None, groups=None, use_train_data=False)
2022-03-17 11:27:45,368:INFO:Initializing plot_model()
2022-03-17 11:27:45,368:INFO:plot_model(fold=KFold(n_splits=10, random_state=None, shuffle=False), use_train_data=False, verbose=True, is_in_evaluate=True, display=None, display_format=None, estimator=KMeans(algorithm='auto', copy_x=True, init='k-means++', max_iter=300,
       n_clusters=4, n_init=10, n_jobs=-1, precompute_distances='deprecated',
       random_state=646, tol=0.0001, verbose=0), feature_name=None, fit_kwargs={}, groups=None, label=False, plot=cluster, plot_kwargs={}, save=False, scale=1, system=True)
2022-03-17 11:27:45,368:INFO:Checking exceptions
2022-03-17 11:27:45,368:INFO:Preparing display monitor
2022-03-17 11:27:45,376:INFO:Preloading libraries
2022-03-17 11:27:45,377:INFO:Copying training dataset
2022-03-17 11:27:45,377:INFO:Plot type: cluster
2022-03-17 11:27:45,378:INFO:SubProcess assign_model() called ==================================
2022-03-17 11:27:45,380:INFO:Initializing assign_model()
2022-03-17 11:27:45,380:INFO:assign_model(model=Pipeline(memory=None,
         steps=[('empty_step', 'passthrough'),
                ('actual_estimator',
                 KMeans(algorithm='auto', copy_x=True, init='k-means++',
                        max_iter=300, n_clusters=4, n_init=10, n_jobs=-1,
                        precompute_distances='deprecated', random_state=646,
                        tol=0.0001, verbose=0))],
         verbose=False), transformation=True, score=True, verbose=False)
2022-03-17 11:27:45,380:INFO:Checking exceptions
2022-03-17 11:27:45,380:INFO:Determining Trained Model
2022-03-17 11:27:45,380:INFO:Trained Model : K-Means Clustering
2022-03-17 11:27:45,380:INFO:Copying data
2022-03-17 11:27:45,381:INFO:Transformation param set to True. Assigned clusters are attached on transformed dataset.
2022-03-17 11:27:45,389:INFO:(18209, 30)
2022-03-17 11:27:45,390:INFO:assign_model() succesfully completed......................................
2022-03-17 11:27:45,390:INFO:SubProcess assign_model() end ==================================
2022-03-17 11:27:45,392:INFO:Fitting PCA()
2022-03-17 11:27:45,507:INFO:Sorting dataframe
2022-03-17 11:27:45,570:INFO:Rendering Visual
2022-03-17 11:27:46,098:INFO:Visual Rendered Successfully
2022-03-17 11:27:46,231:INFO:plot_model() succesfully completed......................................
2022-03-17 11:27:46,241:INFO:Initializing plot_model()
2022-03-17 11:27:46,242:INFO:plot_model(fold=None, use_train_data=False, verbose=True, is_in_evaluate=False, display=None, display_format=None, estimator=KMeans(algorithm='auto', copy_x=True, init='k-means++', max_iter=300,
       n_clusters=4, n_init=10, n_jobs=-1, precompute_distances='deprecated',
       random_state=646, tol=0.0001, verbose=0), feature_name=None, fit_kwargs=None, groups=None, label=False, plot=silhouette, plot_kwargs=None, save=False, scale=1, system=True)
2022-03-17 11:27:46,242:INFO:Checking exceptions
2022-03-17 11:27:46,242:INFO:Preparing display monitor
2022-03-17 11:27:46,254:INFO:Preloading libraries
2022-03-17 11:27:46,256:INFO:Copying training dataset
2022-03-17 11:27:46,257:INFO:Plot type: silhouette
2022-03-17 11:27:46,390:INFO:Fitting Model
2022-03-17 11:28:01,627:INFO:Visual Rendered Successfully
2022-03-17 11:28:01,740:INFO:plot_model() succesfully completed......................................
2022-03-17 11:33:32,303:INFO:Initializing plot_model()
2022-03-17 11:33:32,304:INFO:plot_model(fold=KFold(n_splits=10, random_state=None, shuffle=False), use_train_data=False, verbose=True, is_in_evaluate=True, display=None, display_format=None, estimator=KMeans(algorithm='auto', copy_x=True, init='k-means++', max_iter=300,
       n_clusters=4, n_init=10, n_jobs=-1, precompute_distances='deprecated',
       random_state=646, tol=0.0001, verbose=0), feature_name=None, fit_kwargs={}, groups=None, label=False, plot=tsne, plot_kwargs={}, save=False, scale=1, system=True)
2022-03-17 11:33:32,304:INFO:Checking exceptions
2022-03-17 11:33:32,304:INFO:Preparing display monitor
2022-03-17 11:33:32,322:INFO:Preloading libraries
2022-03-17 11:33:32,324:INFO:Copying training dataset
2022-03-17 11:33:32,325:INFO:Plot type: tsne
2022-03-17 11:33:32,326:INFO:SubProcess assign_model() called ==================================
2022-03-17 11:33:32,328:INFO:Initializing assign_model()
2022-03-17 11:33:32,328:INFO:assign_model(model=Pipeline(memory=None,
         steps=[('empty_step', 'passthrough'),
                ('actual_estimator',
                 KMeans(algorithm='auto', copy_x=True, init='k-means++',
                        max_iter=300, n_clusters=4, n_init=10, n_jobs=-1,
                        precompute_distances='deprecated', random_state=646,
                        tol=0.0001, verbose=0))],
         verbose=False), transformation=True, score=False, verbose=False)
2022-03-17 11:33:32,328:INFO:Checking exceptions
2022-03-17 11:33:32,329:INFO:Determining Trained Model
2022-03-17 11:33:32,329:INFO:Trained Model : K-Means Clustering
2022-03-17 11:33:32,329:INFO:Copying data
2022-03-17 11:33:32,329:INFO:Transformation param set to True. Assigned clusters are attached on transformed dataset.
2022-03-17 11:33:32,339:INFO:(18209, 30)
2022-03-17 11:33:32,339:INFO:assign_model() succesfully completed......................................
2022-03-17 11:33:32,340:INFO:SubProcess assign_model() end ==================================
2022-03-17 11:33:32,341:INFO:Fitting TSNE()
2022-03-17 11:36:51,523:INFO:Sorting dataframe
2022-03-17 11:36:51,539:INFO:Rendering Visual
2022-03-17 11:36:51,831:INFO:Visual Rendered Successfully
2022-03-17 11:36:51,957:INFO:plot_model() succesfully completed......................................
2022-03-17 11:36:51,975:INFO:Initializing create_model()
2022-03-17 11:36:51,975:INFO:create_model(estimator=birch, num_clusters=None, fraction=0.05, ground_truth=None, round=4, fit_kwargs=None, verbose=True, system=True, add_to_model_list=True, raise_num_clusters=False, display=None, kwargs={})
2022-03-17 11:36:51,975:INFO:Checking exceptions
2022-03-17 11:36:52,291:INFO:Initializing plot_model()
2022-03-17 11:36:52,291:INFO:plot_model(fold=KFold(n_splits=10, random_state=None, shuffle=False), use_train_data=False, verbose=True, is_in_evaluate=True, display=None, display_format=None, estimator=KMeans(algorithm='auto', copy_x=True, init='k-means++', max_iter=300,
       n_clusters=4, n_init=10, n_jobs=-1, precompute_distances='deprecated',
       random_state=646, tol=0.0001, verbose=0), feature_name=None, fit_kwargs={}, groups=None, label=False, plot=distance, plot_kwargs={}, save=False, scale=1, system=True)
2022-03-17 11:36:52,291:INFO:Checking exceptions
2022-03-17 11:36:52,291:INFO:Preparing display monitor
2022-03-17 11:36:52,312:INFO:Preloading libraries
2022-03-17 11:36:52,314:INFO:Copying training dataset
2022-03-17 11:36:52,314:INFO:Plot type: distance
2022-03-17 11:36:52,391:INFO:Fitting Model
2022-03-17 11:36:52,696:INFO:Visual Rendered Successfully
2022-03-17 11:36:52,807:INFO:plot_model() succesfully completed......................................
2022-03-17 11:37:18,448:INFO:Initializing create_model()
2022-03-17 11:37:18,448:INFO:create_model(estimator=birch, num_clusters=73, fraction=0.05, ground_truth=None, round=4, fit_kwargs=None, verbose=True, system=True, add_to_model_list=True, raise_num_clusters=False, display=None, kwargs={})
2022-03-17 11:37:18,448:INFO:Checking exceptions
2022-03-17 11:37:18,449:INFO:Preparing display monitor
2022-03-17 11:37:18,472:INFO:Importing libraries
2022-03-17 11:37:18,480:INFO:Importing untrained model
2022-03-17 11:37:18,490:INFO:Birch Clustering Imported succesfully
2022-03-17 11:37:18,498:INFO:Fitting Model
2022-03-17 11:37:42,699:INFO:Birch(branching_factor=50, compute_labels=True, copy=True, n_clusters=73,
      threshold=0.5)
2022-03-17 11:37:42,699:INFO:create_models() succesfully completed......................................
2022-03-17 11:37:42,700:INFO:Uploading results into container
2022-03-17 11:37:42,705:INFO:Uploading model into container now
2022-03-17 11:37:42,714:INFO:create_model_container: 2
2022-03-17 11:37:42,714:INFO:master_model_container: 2
2022-03-17 11:37:42,715:INFO:display_container: 3
2022-03-17 11:37:42,715:INFO:Birch(branching_factor=50, compute_labels=True, copy=True, n_clusters=73,
      threshold=0.5)
2022-03-17 11:37:42,715:INFO:create_model() succesfully completed......................................
2022-03-17 11:37:42,872:INFO:Initializing evaluate_model()
2022-03-17 11:37:42,872:INFO:evaluate_model(estimator=Birch(branching_factor=50, compute_labels=True, copy=True, n_clusters=73,
      threshold=0.5), fold=None, fit_kwargs=None, plot_kwargs=None, feature_name=None, groups=None, use_train_data=False)
2022-03-17 11:37:42,896:INFO:Initializing plot_model()
2022-03-17 11:37:42,896:INFO:plot_model(fold=KFold(n_splits=10, random_state=None, shuffle=False), use_train_data=False, verbose=True, is_in_evaluate=True, display=None, display_format=None, estimator=Birch(branching_factor=50, compute_labels=True, copy=True, n_clusters=73,
      threshold=0.5), feature_name=None, fit_kwargs={}, groups=None, label=False, plot=cluster, plot_kwargs={}, save=False, scale=1, system=True)
2022-03-17 11:37:42,896:INFO:Checking exceptions
2022-03-17 11:37:42,896:INFO:Preparing display monitor
2022-03-17 11:37:42,907:INFO:Preloading libraries
2022-03-17 11:37:43,199:INFO:Copying training dataset
2022-03-17 11:37:43,200:INFO:Plot type: cluster
2022-03-17 11:37:43,201:INFO:SubProcess assign_model() called ==================================
2022-03-17 11:37:43,202:INFO:Initializing assign_model()
2022-03-17 11:37:43,202:INFO:assign_model(model=Pipeline(memory=None,
         steps=[('empty_step', 'passthrough'),
                ('actual_estimator',
                 Birch(branching_factor=50, compute_labels=True, copy=True,
                       n_clusters=73, threshold=0.5))],
         verbose=False), transformation=True, score=True, verbose=False)
2022-03-17 11:37:43,202:INFO:Checking exceptions
2022-03-17 11:37:43,202:INFO:Determining Trained Model
2022-03-17 11:37:43,202:INFO:Trained Model : Birch Clustering
2022-03-17 11:37:43,202:INFO:Copying data
2022-03-17 11:37:43,203:INFO:Transformation param set to True. Assigned clusters are attached on transformed dataset.
2022-03-17 11:37:43,213:INFO:(18209, 30)
2022-03-17 11:37:43,213:INFO:assign_model() succesfully completed......................................
2022-03-17 11:37:43,214:INFO:SubProcess assign_model() end ==================================
2022-03-17 11:37:43,216:INFO:Fitting PCA()
2022-03-17 11:37:43,299:INFO:Sorting dataframe
2022-03-17 11:37:43,330:INFO:Rendering Visual
2022-03-17 11:37:43,791:INFO:Visual Rendered Successfully
2022-03-17 11:37:43,913:INFO:plot_model() succesfully completed......................................
2022-03-17 11:37:43,920:INFO:Initializing plot_model()
2022-03-17 11:37:43,920:INFO:plot_model(fold=None, use_train_data=False, verbose=True, is_in_evaluate=False, display=None, display_format=None, estimator=Birch(branching_factor=50, compute_labels=True, copy=True, n_clusters=73,
      threshold=0.5), feature_name=None, fit_kwargs=None, groups=None, label=False, plot=silhouette, plot_kwargs=None, save=False, scale=1, system=True)
2022-03-17 11:37:43,920:INFO:Checking exceptions
2022-03-17 11:37:43,920:INFO:Preparing display monitor
2022-03-17 11:37:43,928:INFO:Preloading libraries
2022-03-17 11:37:44,212:INFO:Copying training dataset
2022-03-17 11:37:44,213:INFO:Plot type: silhouette
2022-03-17 11:37:44,214:INFO:Fitting Model
2022-03-17 11:38:04,023:INFO:Visual Rendered Successfully
2022-03-17 11:38:04,169:INFO:plot_model() succesfully completed......................................
2022-03-17 11:38:44,512:INFO:Initializing plot_model()
2022-03-17 11:38:44,512:INFO:plot_model(fold=KFold(n_splits=10, random_state=None, shuffle=False), use_train_data=False, verbose=True, is_in_evaluate=True, display=None, display_format=None, estimator=Birch(branching_factor=50, compute_labels=True, copy=True, n_clusters=73,
      threshold=0.5), feature_name=None, fit_kwargs={}, groups=None, label=False, plot=tsne, plot_kwargs={}, save=False, scale=1, system=True)
2022-03-17 11:38:44,512:INFO:Checking exceptions
2022-03-17 11:38:44,513:INFO:Preparing display monitor
2022-03-17 11:38:44,530:INFO:Preloading libraries
2022-03-17 11:38:44,816:INFO:Copying training dataset
2022-03-17 11:38:44,817:INFO:Plot type: tsne
2022-03-17 11:38:44,818:INFO:SubProcess assign_model() called ==================================
2022-03-17 11:38:44,819:INFO:Initializing assign_model()
2022-03-17 11:38:44,819:INFO:assign_model(model=Pipeline(memory=None,
         steps=[('empty_step', 'passthrough'),
                ('actual_estimator',
                 Birch(branching_factor=50, compute_labels=True, copy=True,
                       n_clusters=73, threshold=0.5))],
         verbose=False), transformation=True, score=False, verbose=False)
2022-03-17 11:38:44,819:INFO:Checking exceptions
2022-03-17 11:38:44,819:INFO:Determining Trained Model
2022-03-17 11:38:44,819:INFO:Trained Model : Birch Clustering
2022-03-17 11:38:44,819:INFO:Copying data
2022-03-17 11:38:44,820:INFO:Transformation param set to True. Assigned clusters are attached on transformed dataset.
2022-03-17 11:38:44,829:INFO:(18209, 30)
2022-03-17 11:38:44,829:INFO:assign_model() succesfully completed......................................
2022-03-17 11:38:44,830:INFO:SubProcess assign_model() end ==================================
2022-03-17 11:38:44,831:INFO:Fitting TSNE()
2022-03-17 11:41:54,858:INFO:Sorting dataframe
2022-03-17 11:41:54,875:INFO:Rendering Visual
2022-03-17 11:41:55,437:INFO:Visual Rendered Successfully
2022-03-17 11:41:55,587:INFO:plot_model() succesfully completed......................................
2022-03-17 11:41:55,781:INFO:Initializing plot_model()
2022-03-17 11:41:55,781:INFO:plot_model(fold=KFold(n_splits=10, random_state=None, shuffle=False), use_train_data=False, verbose=True, is_in_evaluate=True, display=None, display_format=None, estimator=Birch(branching_factor=50, compute_labels=True, copy=True, n_clusters=73,
      threshold=0.5), feature_name=None, fit_kwargs={}, groups=None, label=False, plot=distance, plot_kwargs={}, save=False, scale=1, system=True)
2022-03-17 11:41:55,782:INFO:Checking exceptions
2022-03-17 11:41:55,782:INFO:Preparing display monitor
2022-03-17 11:41:55,788:INFO:Preloading libraries
2022-03-17 11:41:56,114:INFO:Copying training dataset
2022-03-17 11:41:56,115:INFO:Plot type: distance
2022-03-17 11:41:56,143:INFO:Fitting Model
2022-03-17 11:41:56,143:ERROR:Distance plot failed. Exception:
2022-03-17 11:41:56,144:ERROR:Traceback (most recent call last):
  File "/home/apprenant/PycharmProjects/spotify-model/env/lib/python3.8/site-packages/pycaret/internal/tabular.py", line 6555, in distance
    show_yellowbrick_plot(
  File "/home/apprenant/PycharmProjects/spotify-model/env/lib/python3.8/site-packages/pycaret/internal/plots/yellowbrick.py", line 89, in show_yellowbrick_plot
    visualizer.fit(X_train, y_train, **fit_kwargs_and_kwargs)
  File "/home/apprenant/PycharmProjects/spotify-model/env/lib/python3.8/site-packages/yellowbrick/cluster/icdm.py", line 291, in fit
    C = self.cluster_centers_
  File "/home/apprenant/PycharmProjects/spotify-model/env/lib/python3.8/site-packages/yellowbrick/utils/wrapper.py", line 42, in __getattr__
    return getattr(self._wrapped, attr)
AttributeError: 'Pipeline' object has no attribute 'cluster_centers_'

2022-03-17 11:49:21,094:INFO:Initializing plot_model()
2022-03-17 11:49:21,095:INFO:plot_model(fold=KFold(n_splits=10, random_state=None, shuffle=False), use_train_data=False, verbose=True, is_in_evaluate=True, display=None, display_format=None, estimator=Birch(branching_factor=50, compute_labels=True, copy=True, n_clusters=73,
      threshold=0.5), feature_name=None, fit_kwargs={}, groups=None, label=False, plot=silhouette, plot_kwargs={}, save=False, scale=1, system=True)
2022-03-17 11:49:21,095:INFO:Checking exceptions
2022-03-17 11:49:21,096:INFO:Preparing display monitor
2022-03-17 11:49:21,113:INFO:Preloading libraries
2022-03-17 11:49:21,417:INFO:Copying training dataset
2022-03-17 11:49:21,418:INFO:Plot type: silhouette
2022-03-17 11:49:21,419:INFO:Fitting Model
2022-03-17 11:49:41,120:INFO:Visual Rendered Successfully
2022-03-17 11:49:41,270:INFO:plot_model() succesfully completed......................................
2022-03-17 11:49:41,281:INFO:Initializing plot_model()
2022-03-17 11:49:41,281:INFO:plot_model(fold=KFold(n_splits=10, random_state=None, shuffle=False), use_train_data=False, verbose=True, is_in_evaluate=True, display=None, display_format=None, estimator=Birch(branching_factor=50, compute_labels=True, copy=True, n_clusters=73,
      threshold=0.5), feature_name=None, fit_kwargs={}, groups=None, label=False, plot=distribution, plot_kwargs={}, save=False, scale=1, system=True)
2022-03-17 11:49:41,281:INFO:Checking exceptions
2022-03-17 11:49:41,281:INFO:Preparing display monitor
2022-03-17 11:49:41,288:INFO:Preloading libraries
2022-03-17 11:49:41,560:INFO:Copying training dataset
2022-03-17 11:49:41,561:INFO:Plot type: distribution
2022-03-17 11:49:41,562:INFO:SubProcess assign_model() called ==================================
2022-03-17 11:49:41,563:INFO:Initializing assign_model()
2022-03-17 11:49:41,563:INFO:assign_model(model=Pipeline(memory=None,
         steps=[('empty_step', 'passthrough'),
                ('actual_estimator',
                 Birch(branching_factor=50, compute_labels=True, copy=True,
                       n_clusters=73, threshold=0.5))],
         verbose=False), transformation=False, score=True, verbose=False)
2022-03-17 11:49:41,563:INFO:Checking exceptions
2022-03-17 11:49:41,563:INFO:Determining Trained Model
2022-03-17 11:49:41,563:INFO:Trained Model : Birch Clustering
2022-03-17 11:49:41,563:INFO:Copying data
2022-03-17 11:49:41,573:INFO:(18209, 14)
2022-03-17 11:49:41,573:INFO:assign_model() succesfully completed......................................
2022-03-17 11:49:41,574:INFO:SubProcess assign_model() end ==================================
2022-03-17 11:49:41,574:INFO:Sorting dataframe
2022-03-17 11:49:41,599:INFO:Rendering Visual
2022-03-17 11:49:42,453:INFO:Visual Rendered Successfully
2022-03-17 11:49:42,602:INFO:plot_model() succesfully completed......................................
2022-03-17 11:49:42,611:INFO:Initializing plot_model()
2022-03-17 11:49:42,611:INFO:plot_model(fold=KFold(n_splits=10, random_state=None, shuffle=False), use_train_data=False, verbose=True, is_in_evaluate=True, display=None, display_format=None, estimator=Birch(branching_factor=50, compute_labels=True, copy=True, n_clusters=73,
      threshold=0.5), feature_name=None, fit_kwargs={}, groups=None, label=False, plot=elbow, plot_kwargs={}, save=False, scale=1, system=True)
2022-03-17 11:49:42,611:INFO:Checking exceptions
2022-03-17 11:49:42,611:INFO:Preparing display monitor
2022-03-17 11:49:42,618:INFO:Preloading libraries
2022-03-17 11:49:42,904:INFO:Copying training dataset
2022-03-17 11:49:42,905:INFO:Plot type: elbow
2022-03-17 11:49:42,906:INFO:Fitting Model
2022-03-17 11:52:25,328:INFO:Visual Rendered Successfully
2022-03-17 11:52:25,565:INFO:plot_model() succesfully completed......................................
2022-03-17 11:52:25,573:INFO:Initializing plot_model()
2022-03-17 11:52:25,573:INFO:plot_model(fold=KFold(n_splits=10, random_state=None, shuffle=False), use_train_data=False, verbose=True, is_in_evaluate=True, display=None, display_format=None, estimator=Birch(branching_factor=50, compute_labels=True, copy=True, n_clusters=73,
      threshold=0.5), feature_name=None, fit_kwargs={}, groups=None, label=False, plot=silhouette, plot_kwargs={}, save=False, scale=1, system=True)
2022-03-17 11:52:25,574:INFO:Checking exceptions
2022-03-17 11:52:25,574:INFO:Preparing display monitor
2022-03-17 11:52:25,581:INFO:Preloading libraries
2022-03-17 11:52:25,871:INFO:Copying training dataset
2022-03-17 11:52:25,872:INFO:Plot type: silhouette
2022-03-17 11:52:25,873:INFO:Fitting Model
2022-03-17 11:52:45,037:INFO:Visual Rendered Successfully
2022-03-17 11:52:45,194:INFO:plot_model() succesfully completed......................................
2022-03-17 11:52:45,204:INFO:Initializing plot_model()
2022-03-17 11:52:45,204:INFO:plot_model(fold=KFold(n_splits=10, random_state=None, shuffle=False), use_train_data=False, verbose=True, is_in_evaluate=True, display=None, display_format=None, estimator=Birch(branching_factor=50, compute_labels=True, copy=True, n_clusters=73,
      threshold=0.5), feature_name=None, fit_kwargs={}, groups=None, label=False, plot=elbow, plot_kwargs={}, save=False, scale=1, system=True)
2022-03-17 11:52:45,204:INFO:Checking exceptions
2022-03-17 11:52:45,204:INFO:Preparing display monitor
2022-03-17 11:52:45,212:INFO:Preloading libraries
2022-03-17 11:52:45,498:INFO:Copying training dataset
2022-03-17 11:52:45,498:INFO:Plot type: elbow
2022-03-17 11:52:45,500:INFO:Fitting Model
2022-03-17 11:55:41,771:INFO:Visual Rendered Successfully
2022-03-17 11:55:41,980:INFO:plot_model() succesfully completed......................................
2022-03-17 11:55:41,989:INFO:Initializing plot_model()
2022-03-17 11:55:41,990:INFO:plot_model(fold=KFold(n_splits=10, random_state=None, shuffle=False), use_train_data=False, verbose=True, is_in_evaluate=True, display=None, display_format=None, estimator=Birch(branching_factor=50, compute_labels=True, copy=True, n_clusters=73,
      threshold=0.5), feature_name=None, fit_kwargs={}, groups=None, label=False, plot=tsne, plot_kwargs={}, save=False, scale=1, system=True)
2022-03-17 11:55:41,990:INFO:Checking exceptions
2022-03-17 11:55:41,990:INFO:Preparing display monitor
2022-03-17 11:55:41,997:INFO:Preloading libraries
2022-03-17 11:55:42,277:INFO:Copying training dataset
2022-03-17 11:55:42,277:INFO:Plot type: tsne
2022-03-17 11:55:42,278:INFO:SubProcess assign_model() called ==================================
2022-03-17 11:55:42,279:INFO:Initializing assign_model()
2022-03-17 11:55:42,279:INFO:assign_model(model=Pipeline(memory=None,
         steps=[('empty_step', 'passthrough'),
                ('actual_estimator',
                 Birch(branching_factor=50, compute_labels=True, copy=True,
                       n_clusters=73, threshold=0.5))],
         verbose=False), transformation=True, score=False, verbose=False)
2022-03-17 11:55:42,279:INFO:Checking exceptions
2022-03-17 11:55:42,279:INFO:Determining Trained Model
2022-03-17 11:55:42,279:INFO:Trained Model : Birch Clustering
2022-03-17 11:55:42,279:INFO:Copying data
2022-03-17 11:55:42,280:INFO:Transformation param set to True. Assigned clusters are attached on transformed dataset.
2022-03-17 11:55:42,290:INFO:(18209, 30)
2022-03-17 11:55:42,290:INFO:assign_model() succesfully completed......................................
2022-03-17 11:55:42,291:INFO:SubProcess assign_model() end ==================================
2022-03-17 11:55:42,293:INFO:Fitting TSNE()
2022-03-17 11:59:09,472:INFO:Sorting dataframe
2022-03-17 11:59:09,490:INFO:Rendering Visual
2022-03-17 11:59:10,074:INFO:Visual Rendered Successfully
2022-03-17 11:59:10,248:INFO:plot_model() succesfully completed......................................
2022-03-17 11:59:10,256:INFO:Initializing plot_model()
2022-03-17 11:59:10,256:INFO:plot_model(fold=KFold(n_splits=10, random_state=None, shuffle=False), use_train_data=False, verbose=True, is_in_evaluate=True, display=None, display_format=None, estimator=Birch(branching_factor=50, compute_labels=True, copy=True, n_clusters=73,
      threshold=0.5), feature_name=None, fit_kwargs={}, groups=None, label=False, plot=cluster, plot_kwargs={}, save=False, scale=1, system=True)
2022-03-17 11:59:10,256:INFO:Checking exceptions
2022-03-17 11:59:10,256:INFO:Preparing display monitor
2022-03-17 11:59:10,264:INFO:Preloading libraries
2022-03-17 11:59:10,622:INFO:Copying training dataset
2022-03-17 11:59:10,622:INFO:Plot type: cluster
2022-03-17 11:59:10,623:INFO:SubProcess assign_model() called ==================================
2022-03-17 11:59:10,624:INFO:Initializing assign_model()
2022-03-17 11:59:10,624:INFO:assign_model(model=Pipeline(memory=None,
         steps=[('empty_step', 'passthrough'),
                ('actual_estimator',
                 Birch(branching_factor=50, compute_labels=True, copy=True,
                       n_clusters=73, threshold=0.5))],
         verbose=False), transformation=True, score=True, verbose=False)
2022-03-17 11:59:10,624:INFO:Checking exceptions
2022-03-17 11:59:10,624:INFO:Determining Trained Model
2022-03-17 11:59:10,624:INFO:Trained Model : Birch Clustering
2022-03-17 11:59:10,625:INFO:Copying data
2022-03-17 11:59:10,625:INFO:Transformation param set to True. Assigned clusters are attached on transformed dataset.
2022-03-17 11:59:10,634:INFO:(18209, 30)
2022-03-17 11:59:10,634:INFO:assign_model() succesfully completed......................................
2022-03-17 11:59:10,635:INFO:SubProcess assign_model() end ==================================
2022-03-17 11:59:10,637:INFO:Fitting PCA()
2022-03-17 11:59:10,701:INFO:Sorting dataframe
2022-03-17 11:59:10,768:INFO:Rendering Visual
2022-03-17 11:59:11,213:INFO:Visual Rendered Successfully
2022-03-17 11:59:11,364:INFO:plot_model() succesfully completed......................................
